<?xml version="1.0" encoding="UTF-8"?>
<!-- Generated by org.testng.reporters.JUnitXMLReporter -->
<testsuite ignored="0" hostname="DESKTOP-TQMQ11K" failures="5" tests="29" name="GoogleTest" time="5170.525" errors="0" timestamp="2022-12-29T20:24:45 IST">
  <testcase classname="test.ng.TestingDemo" name="@AfterClass afterClass" time="0.005">
    <failure type="java.lang.NullPointerException" message="Cannot invoke &amp;quot;org.openqa.selenium.WebDriver.quit()&amp;quot; because &amp;quot;this.driver&amp;quot; is null">
      <![CDATA[java.lang.NullPointerException: Cannot invoke "org.openqa.selenium.WebDriver.quit()" because "this.driver" is null
at test.ng.TestingDemo.afterClass(TestingDemo.java:93)
at java.base/java.util.ArrayList.forEach(ArrayList.java:1511)
... Removed 23 stack frames]]>
    </failure>
  </testcase> <!-- @AfterClass afterClass -->
  <testcase classname="testngbasicprograms.ZkDemoPractice" name="@BeforeMethod beforeMethod" time="5.49">
    <failure type="java.lang.UnsupportedOperationException" message="To submit an element, it must be nested inside a form element">
      <![CDATA[java.lang.UnsupportedOperationException: To submit an element, it must be nested inside a form element
at org.openqa.selenium.remote.RemoteWebElement.submit(RemoteWebElement.java:87)
at testngbasicprograms.ZkDemoPractice.beforeMethod(ZkDemoPractice.java:62)
at java.base/java.util.ArrayList.forEach(ArrayList.java:1511)
... Removed 29 stack frames]]>
    </failure>
  </testcase> <!-- @BeforeMethod beforeMethod -->
  <testcase classname="testngbasicprograms.ZkDemoPractice" name="@AfterMethod afterMethod" time="0.0">
    <skipped/>
  </testcase> <!-- @AfterMethod afterMethod -->
  <testcase classname="testngbasicprograms.ZkDemoPractice" name="@BeforeMethod beforeMethod" time="0.0">
    <skipped/>
  </testcase> <!-- @BeforeMethod beforeMethod -->
  <testcase classname="testngbasicprograms.ZkDemoPractice" name="@AfterMethod afterMethod" time="0.0">
    <skipped/>
  </testcase> <!-- @AfterMethod afterMethod -->
  <testcase classname="testngbasicprograms.ZkDemoPractice" name="@AfterClass afterClass" time="0.0">
    <skipped/>
  </testcase> <!-- @AfterClass afterClass -->
  <testcase classname="testngbasicprograms.ZkClassName" name="@BeforeMethod launchingUrl" time="5001.611">
    <failure type="org.openqa.selenium.TimeoutException" message="Expected condition failed: waiting for title to contain &amp;quot;ZK Live Demo - Input&amp;quot;. Current title: &amp;quot;&amp;quot; (tried for 5000 second(s) with 500 milliseconds interval)">
      <![CDATA[org.openqa.selenium.TimeoutException: Expected condition failed: waiting for title to contain "ZK Live Demo - Input". Current title: "" (tried for 5000 second(s) with 500 milliseconds interval)
at org.openqa.selenium.support.ui.WebDriverWait.timeoutException(WebDriverWait.java:87)
at org.openqa.selenium.support.ui.FluentWait.until(FluentWait.java:231)
at testngbasicprograms.ZkClassName.launchingUrl(ZkClassName.java:63)
at java.base/java.util.ArrayList.forEach(ArrayList.java:1511)
Caused by: org.openqa.selenium.NoSuchWindowException: no such window: target window already closed
from unknown error: web view not found
  (Session info: chrome=108.0.5359.125)
Build info: version: '4.6.0', revision: '79f1c02ae20'
System info: os.name: 'Windows 10', os.arch: 'amd64', os.version: '10.0', java.version: '19.0.1'
Driver info: org.openqa.selenium.chrome.ChromeDriver
Command: [a397456d3d0fac651d1bf1db1ed2ed98, getTitle {}]
Capabilities {acceptInsecureCerts: false, browserName: chrome, browserVersion: 108.0.5359.125, chrome: {chromedriverVersion: 108.0.5359.71 (1e0e3868ee06..., userDataDir: C:\Users\sysadmin\AppData\L...}, goog:chromeOptions: {debuggerAddress: localhost:60326}, networkConnectionEnabled: false, pageLoadStrategy: normal, platformName: WINDOWS, proxy: Proxy(), se:cdp: ws://localhost:60326/devtoo..., se:cdpVersion: 108.0.5359.125, setWindowRect: true, strictFileInteractability: false, timeouts: {implicit: 0, pageLoad: 300000, script: 30000}, unhandledPromptBehavior: dismiss and notify, webauthn:extension:credBlob: true, webauthn:extension:largeBlob: true, webauthn:virtualAuthenticators: true}
Session ID: a397456d3d0fac651d1bf1db1ed2ed98
at org.openqa.selenium.remote.codec.w3c.W3CHttpResponseCodec.createException(W3CHttpResponseCodec.java:200)
at org.openqa.selenium.remote.codec.w3c.W3CHttpResponseCodec.decode(W3CHttpResponseCodec.java:133)
at org.openqa.selenium.remote.codec.w3c.W3CHttpResponseCodec.decode(W3CHttpResponseCodec.java:53)
at org.openqa.selenium.remote.HttpCommandExecutor.execute(HttpCommandExecutor.java:184)
at org.openqa.selenium.remote.service.DriverCommandExecutor.invokeExecute(DriverCommandExecutor.java:167)
at org.openqa.selenium.remote.service.DriverCommandExecutor.execute(DriverCommandExecutor.java:142)
at org.openqa.selenium.remote.RemoteWebDriver.execute(RemoteWebDriver.java:541)
at org.openqa.selenium.remote.RemoteWebDriver.execute(RemoteWebDriver.java:596)
at org.openqa.selenium.remote.RemoteWebDriver.execute(RemoteWebDriver.java:600)
at org.openqa.selenium.remote.RemoteWebDriver.getTitle(RemoteWebDriver.java:315)
at org.openqa.selenium.support.ui.ExpectedConditions$2.apply(ExpectedConditions.java:81)
at org.openqa.selenium.support.ui.ExpectedConditions$2.apply(ExpectedConditions.java:76)
at org.openqa.selenium.support.ui.FluentWait.until(FluentWait.java:208)
... 31 more
... Removed 32 stack frames]]>
    </failure>
  </testcase> <!-- @BeforeMethod launchingUrl -->
  <testcase classname="testngbasicprograms.ZkClassName" name="@AfterMethod afterMethod" time="0.0">
    <skipped/>
  </testcase> <!-- @AfterMethod afterMethod -->
  <testcase classname="testngbasicprograms.ZkClassName" name="@AfterClass afterClass" time="0.0">
    <skipped/>
  </testcase> <!-- @AfterClass afterClass -->
  <testcase classname="testngbasicprograms.TestingProcess" name="regressionTest1" time="0.018"/>
  <testcase classname="testngbasicprograms.TestingProcess" name="regressionTest2" time="0.006"/>
  <testcase classname="testngbasicprograms.TestingProcess" name="smokeTest1" time="0.003"/>
  <testcase classname="testngbasicprograms.TestingProcess" name="smokeTest2" time="0.004"/>
  <testcase classname="testngbasicprograms.ZkDemoClass" name="verfiyingButtons" time="8.535"/>
  <testcase classname="testngbasicprograms.ZkDemoClass" name="verfiyingCheckBoxLink" time="7.323"/>
  <testcase classname="testngbasicprograms.TestingProcess2" name="regressionTest1" time="0.002"/>
  <testcase classname="testngbasicprograms.TestingProcess2" name="regressionTest2" time="0.003"/>
  <testcase classname="testngbasicprograms.TestingProcess2" name="smokeTest3" time="0.002"/>
  <testcase classname="testngbasicprograms.TestingProcess2" name="smokeTest4" time="0.003"/>
  <testcase classname="practice.GoogleDemo" name="searchKeyWord" time="7.213"/>
  <testcase classname="testngbasicprograms.ZkDemo" name="verfiyingButtons" time="0.022">
    <failure type="java.lang.AssertionError" message="expected [] but found [ZK Live Demo - Date and Time Picker]">
      <![CDATA[java.lang.AssertionError: expected [] but found [ZK Live Demo - Date and Time Picker]
at testngbasicprograms.ZkDemo.verfiyingButtons(ZkDemo.java:35)
at java.base/java.util.ArrayList.forEach(ArrayList.java:1511)
... Removed 31 stack frames]]>
    </failure>
  </testcase> <!-- verfiyingButtons -->
  <testcase classname="testngbasicprograms.ZkDemo" name="verfiyingCheckBoxex" time="0.013">
    <failure type="java.lang.AssertionError" message="expected [] but found [ZK Live Demo - Date and Time Picker]">
      <![CDATA[java.lang.AssertionError: expected [] but found [ZK Live Demo - Date and Time Picker]
at testngbasicprograms.ZkDemo.verfiyingCheckBoxex(ZkDemo.java:50)
at java.base/java.util.ArrayList.forEach(ArrayList.java:1511)
... Removed 31 stack frames]]>
    </failure>
  </testcase> <!-- verfiyingCheckBoxex -->
  <testcase classname="test.ng.TestingDemo" name="searchKeyWord" time="0.0">
    <failure type="org.testng.TestNGException" message="
Method public void test.ng.TestingDemo.searchKeyWord(java.lang.String) requires a @DataProvider named : mutipleSetData()">
      <![CDATA[org.testng.TestNGException: 
Method public void test.ng.TestingDemo.searchKeyWord(java.lang.String) requires a @DataProvider named : mutipleSetData()
at java.base/java.util.ArrayList.forEach(ArrayList.java:1511)
... Removed 24 stack frames]]>
    </failure>
  </testcase> <!-- searchKeyWord -->
  <testcase classname="testngbasicprograms.ZkDemoPractice" name="averfyingLinkTexts" time="0.0">
    <skipped/>
  </testcase> <!-- averfyingLinkTexts -->
  <testcase classname="testngbasicprograms.ZkDemoPractice" name="verfiyingButtons" time="0.0">
    <skipped/>
  </testcase> <!-- verfiyingButtons -->
  <testcase classname="test.ng.NewTest" name="f" time="0.005"/>
  <testcase classname="test.ng.NewTest" name="f" time="0.001"/>
  <testcase classname="test.ng.TestingClass" name="sendKeys" time="0.161"/>
  <testcase classname="test.ng.TestingClass" name="sendKeys" time="0.234"/>
  <testcase classname="test.ng.TestingClass" name="sendKeys" time="0.174"/>
  <testcase classname="test.ng.TestingClass" name="sendKeys" time="0.145"/>
  <testcase classname="test.ng.LinkedinTest" name="doLogin" time="2.503"/>
  <testcase classname="test.ng.LinkedinTest" name="inputData" time="0.0">
    <failure type="org.testng.TestNGException" message="
Parameter &amp;apos;userName&amp;apos; is required by @Test on method inputData but has not been marked @Optional or defined
in C:\Users\sysadmin\Documents\Eclipseworkspace\src\test\resources\practice.xml">
      <![CDATA[org.testng.TestNGException: 
Parameter 'userName' is required by @Test on method inputData but has not been marked @Optional or defined
in C:\Users\sysadmin\Documents\Eclipseworkspace\src\test\resources\practice.xml
at java.base/java.util.ArrayList.forEach(ArrayList.java:1511)
... Removed 26 stack frames]]>
    </failure>
  </testcase> <!-- inputData -->
  <testcase classname="test.ng.LinkedinTest" name="signOut" time="0.002">
    <failure type="java.lang.Error" message="Unresolved compilation problems: 
	Thread.sl cannot be resolved to a type
	Syntax error on token &amp;quot;.&amp;quot;, ; expected
	The method until(ExpectedCondition&amp;lt;Boolean&amp;gt;) is undefined for the type LinkedinTest
">
      <![CDATA[java.lang.Error: Unresolved compilation problems: 
Thread.sl cannot be resolved to a type
Syntax error on token ".", ; expected
The method until(ExpectedCondition<Boolean>) is undefined for the type LinkedinTest

at test.ng.LinkedinTest.signOut(LinkedinTest.java:79)
at java.base/java.util.ArrayList.forEach(ArrayList.java:1511)
... Removed 25 stack frames]]>
    </failure>
  </testcase> <!-- signOut -->
  <testcase classname="testngbasicprograms.ZkClassName" name="verfiyLinkCheckBox" time="7.821"/>
  <testcase classname="testngbasicprograms.ZkClassName" name="verfiyingButtons" time="0.0">
    <skipped/>
  </testcase> <!-- verfiyingButtons -->
  <testcase classname="testngbasicprograms.ZkDemoRadio" name="verfyingRadioButtons" time="39.594"/>
  <testcase classname="testngbasicprograms.HandlingPopUp" name="f" time="0.007"/>
</testsuite> <!-- GoogleTest -->
