<html>
<head>
<title>TestNG:  GoogleTest</title>
<link href="../testng.css" rel="stylesheet" type="text/css" />
<link href="../my-testng.css" rel="stylesheet" type="text/css" />

<style type="text/css">
.log { display: none;} 
.stack-trace { display: none;} 
</style>
<script type="text/javascript">
<!--
function flip(e) {
  current = e.style.display;
  if (current == 'block') {
    e.style.display = 'none';
    return 0;
  }
  else {
    e.style.display = 'block';
    return 1;
  }
}

function toggleBox(szDivId, elem, msg1, msg2)
{
  var res = -1;  if (document.getElementById) {
    res = flip(document.getElementById(szDivId));
  }
  else if (document.all) {
    // this is the way old msie versions work
    res = flip(document.all[szDivId]);
  }
  if(elem) {
    if(res == 0) elem.innerHTML = msg1; else elem.innerHTML = msg2;
  }

}

function toggleAllBoxes() {
  if (document.getElementsByTagName) {
    d = document.getElementsByTagName('div');
    for (i = 0; i < d.length; i++) {
      if (d[i].className == 'log') {
        flip(d[i]);
      }
    }
  }
}

// -->
</script>

</head>
<body>
<h2 align='center'>GoogleTest</h2><table border='1' align="center">
<tr>
<td>Tests passed/Failed/Skipped:</td><td>21/5/3</td>
</tr><tr>
<td>Started on:</td><td>Thu Dec 29 18:58:34 IST 2022</td>
</tr>
<tr><td>Total time:</td><td>5170 seconds (5170525 ms)</td>
</tr><tr>
<td>Included groups:</td><td></td>
</tr><tr>
<td>Excluded groups:</td><td></td>
</tr>
</table><p/>
<small><i>(Hover the method name to see the test class name)</i></small><p/>
<table width='100%' border='1' class='invocation-failed'>
<tr><td colspan='4' align='center'><b>FAILED CONFIGURATIONS</b></td></tr>
<tr><td><b>Test method</b></td>
<td><b>Attribute(s)</b></td>
<td width="30%"><b>Exception</b></td>
<td width="10%"><b>Time (seconds)</b></td>
<td><b>Instance</b></td>
</tr>
<tr>
<td title='testngbasicprograms.ZkClassName.launchingUrl()'><b>launchingUrl</b><br>Test class: testngbasicprograms.ZkClassName<br/>
<a href="#Output-436328432" onClick='toggleBox("Output-436328432", this, "Show output", "Hide output");'>Show output</a>

<a href="#Output-436328432" onClick="toggleAllBoxes();">Show all outputs</a>
<div class='log' id="Output-436328432">
Launching URL using get() <br/>
</div>
</td>
<td><div><pre>org.openqa.selenium.TimeoutException: Expected condition failed: waiting for title to contain &quot;ZK Live Demo - Input&quot;. Current title: &quot;&quot; (tried for 5000 second(s) with 500 milliseconds interval)
	at org.openqa.selenium.support.ui.WebDriverWait.timeoutException(WebDriverWait.java:87)
	at org.openqa.selenium.support.ui.FluentWait.until(FluentWait.java:231)
	at testngbasicprograms.ZkClassName.launchingUrl(ZkClassName.java:63)
	at java.base/java.util.ArrayList.forEach(ArrayList.java:1511)
Caused by: org.openqa.selenium.NoSuchWindowException: no such window: target window already closed
from unknown error: web view not found
  (Session info: chrome=108.0.5359.125)
Build info: version: &apos;4.6.0&apos;, revision: &apos;79f1c02ae20&apos;
System info: os.name: &apos;Windows 10&apos;, os.arch: &apos;amd64&apos;, os.version: &apos;10.0&apos;, java.version: &apos;19.0.1&apos;
Driver info: org.openqa.selenium.chrome.ChromeDriver
Command: [a397456d3d0fac651d1bf1db1ed2ed98, getTitle {}]
Capabilities {acceptInsecureCerts: false, browserName: chrome, browserVersion: 108.0.5359.125, chrome: {chromedriverVersion: 108.0.5359.71 (1e0e3868ee06..., userDataDir: C:\Users\sysadmin\AppData\L...}, goog:chromeOptions: {debuggerAddress: localhost:60326}, networkConnectionEnabled: false, pageLoadStrategy: normal, platformName: WINDOWS, proxy: Proxy(), se:cdp: ws://localhost:60326/devtoo..., se:cdpVersion: 108.0.5359.125, setWindowRect: true, strictFileInteractability: false, timeouts: {implicit: 0, pageLoad: 300000, script: 30000}, unhandledPromptBehavior: dismiss and notify, webauthn:extension:credBlob: true, webauthn:extension:largeBlob: true, webauthn:virtualAuthenticators: true}
Session ID: a397456d3d0fac651d1bf1db1ed2ed98
	at org.openqa.selenium.remote.codec.w3c.W3CHttpResponseCodec.createException(W3CHttpResponseCodec.java:200)
	at org.openqa.selenium.remote.codec.w3c.W3CHttpResponseCodec.decode(W3CHttpResponseCodec.java:133)
	at org.openqa.selenium.remote.codec.w3c.W3CHttpResponseCodec.decode(W3CHttpResponseCodec.java:53)
	at org.openqa.selenium.remote.HttpCommandExecutor.execute(HttpCommandExecutor.java:184)
	at org.openqa.selenium.remote.service.DriverCommandExecutor.invokeExecute(DriverCommandExecutor.java:167)
	at org.openqa.selenium.remote.service.DriverCommandExecutor.execute(DriverCommandExecutor.java:142)
	at org.openqa.selenium.remote.RemoteWebDriver.execute(RemoteWebDriver.java:541)
	at org.openqa.selenium.remote.RemoteWebDriver.execute(RemoteWebDriver.java:596)
	at org.openqa.selenium.remote.RemoteWebDriver.execute(RemoteWebDriver.java:600)
	at org.openqa.selenium.remote.RemoteWebDriver.getTitle(RemoteWebDriver.java:315)
	at org.openqa.selenium.support.ui.ExpectedConditions$2.apply(ExpectedConditions.java:81)
	at org.openqa.selenium.support.ui.ExpectedConditions$2.apply(ExpectedConditions.java:76)
	at org.openqa.selenium.support.ui.FluentWait.until(FluentWait.java:208)
	... 31 more
... Removed 32 stack frames</pre></div><a href='#' onClick='toggleBox("stack-trace436328432", this, "Click to show all stack frames", "Click to hide stack frames")'>Click to show all stack frames</a>
<div class='stack-trace' id='stack-trace436328432'><pre>org.openqa.selenium.TimeoutException: Expected condition failed: waiting for title to contain &quot;ZK Live Demo - Input&quot;. Current title: &quot;&quot; (tried for 5000 second(s) with 500 milliseconds interval)
	at org.openqa.selenium.support.ui.WebDriverWait.timeoutException(WebDriverWait.java:87)
	at org.openqa.selenium.support.ui.FluentWait.until(FluentWait.java:231)
	at testngbasicprograms.ZkClassName.launchingUrl(ZkClassName.java:63)
	at java.base/jdk.internal.reflect.DirectMethodHandleAccessor.invoke(DirectMethodHandleAccessor.java:104)
	at java.base/java.lang.reflect.Method.invoke(Method.java:578)
	at org.testng.internal.invokers.MethodInvocationHelper.invokeMethod(MethodInvocationHelper.java:139)
	at org.testng.internal.invokers.MethodInvocationHelper.invokeMethodConsideringTimeout(MethodInvocationHelper.java:69)
	at org.testng.internal.invokers.ConfigInvoker.invokeConfigurationMethod(ConfigInvoker.java:361)
	at org.testng.internal.invokers.ConfigInvoker.invokeConfigurations(ConfigInvoker.java:296)
	at org.testng.internal.invokers.TestInvoker.runConfigMethods(TestInvoker.java:816)
	at org.testng.internal.invokers.TestInvoker.invokeMethod(TestInvoker.java:590)
	at org.testng.internal.invokers.TestInvoker.invokeTestMethod(TestInvoker.java:221)
	at org.testng.internal.invokers.MethodRunner.runInSequence(MethodRunner.java:50)
	at org.testng.internal.invokers.TestInvoker$MethodInvocationAgent.invoke(TestInvoker.java:962)
	at org.testng.internal.invokers.TestInvoker.invokeTestMethods(TestInvoker.java:194)
	at org.testng.internal.invokers.TestMethodWorker.invokeTestMethods(TestMethodWorker.java:148)
	at org.testng.internal.invokers.TestMethodWorker.run(TestMethodWorker.java:128)
	at java.base/java.util.ArrayList.forEach(ArrayList.java:1511)
	at org.testng.TestRunner.privateRun(TestRunner.java:806)
	at org.testng.TestRunner.run(TestRunner.java:601)
	at org.testng.SuiteRunner.runTest(SuiteRunner.java:433)
	at org.testng.SuiteRunner.runSequentially(SuiteRunner.java:427)
	at org.testng.SuiteRunner.privateRun(SuiteRunner.java:387)
	at org.testng.SuiteRunner.run(SuiteRunner.java:330)
	at org.testng.SuiteRunnerWorker.runSuite(SuiteRunnerWorker.java:52)
	at org.testng.SuiteRunnerWorker.run(SuiteRunnerWorker.java:95)
	at org.testng.TestNG.runSuitesSequentially(TestNG.java:1256)
	at org.testng.TestNG.runSuitesLocally(TestNG.java:1176)
	at org.testng.TestNG.runSuites(TestNG.java:1099)
	at org.testng.TestNG.run(TestNG.java:1067)
	at org.testng.remote.AbstractRemoteTestNG.run(AbstractRemoteTestNG.java:115)
	at org.testng.remote.RemoteTestNG.initAndRun(RemoteTestNG.java:251)
	at org.testng.remote.RemoteTestNG.main(RemoteTestNG.java:77)
Caused by: org.openqa.selenium.NoSuchWindowException: no such window: target window already closed
from unknown error: web view not found
  (Session info: chrome=108.0.5359.125)
Build info: version: &apos;4.6.0&apos;, revision: &apos;79f1c02ae20&apos;
System info: os.name: &apos;Windows 10&apos;, os.arch: &apos;amd64&apos;, os.version: &apos;10.0&apos;, java.version: &apos;19.0.1&apos;
Driver info: org.openqa.selenium.chrome.ChromeDriver
Command: [a397456d3d0fac651d1bf1db1ed2ed98, getTitle {}]
Capabilities {acceptInsecureCerts: false, browserName: chrome, browserVersion: 108.0.5359.125, chrome: {chromedriverVersion: 108.0.5359.71 (1e0e3868ee06..., userDataDir: C:\Users\sysadmin\AppData\L...}, goog:chromeOptions: {debuggerAddress: localhost:60326}, networkConnectionEnabled: false, pageLoadStrategy: normal, platformName: WINDOWS, proxy: Proxy(), se:cdp: ws://localhost:60326/devtoo..., se:cdpVersion: 108.0.5359.125, setWindowRect: true, strictFileInteractability: false, timeouts: {implicit: 0, pageLoad: 300000, script: 30000}, unhandledPromptBehavior: dismiss and notify, webauthn:extension:credBlob: true, webauthn:extension:largeBlob: true, webauthn:virtualAuthenticators: true}
Session ID: a397456d3d0fac651d1bf1db1ed2ed98
	at java.base/jdk.internal.reflect.DirectConstructorHandleAccessor.newInstance(DirectConstructorHandleAccessor.java:67)
	at java.base/java.lang.reflect.Constructor.newInstanceWithCaller(Constructor.java:500)
	at java.base/java.lang.reflect.Constructor.newInstance(Constructor.java:484)
	at org.openqa.selenium.remote.codec.w3c.W3CHttpResponseCodec.createException(W3CHttpResponseCodec.java:200)
	at org.openqa.selenium.remote.codec.w3c.W3CHttpResponseCodec.decode(W3CHttpResponseCodec.java:133)
	at org.openqa.selenium.remote.codec.w3c.W3CHttpResponseCodec.decode(W3CHttpResponseCodec.java:53)
	at org.openqa.selenium.remote.HttpCommandExecutor.execute(HttpCommandExecutor.java:184)
	at org.openqa.selenium.remote.service.DriverCommandExecutor.invokeExecute(DriverCommandExecutor.java:167)
	at org.openqa.selenium.remote.service.DriverCommandExecutor.execute(DriverCommandExecutor.java:142)
	at org.openqa.selenium.remote.RemoteWebDriver.execute(RemoteWebDriver.java:541)
	at org.openqa.selenium.remote.RemoteWebDriver.execute(RemoteWebDriver.java:596)
	at org.openqa.selenium.remote.RemoteWebDriver.execute(RemoteWebDriver.java:600)
	at org.openqa.selenium.remote.RemoteWebDriver.getTitle(RemoteWebDriver.java:315)
	at org.openqa.selenium.support.ui.ExpectedConditions$2.apply(ExpectedConditions.java:81)
	at org.openqa.selenium.support.ui.ExpectedConditions$2.apply(ExpectedConditions.java:76)
	at org.openqa.selenium.support.ui.FluentWait.until(FluentWait.java:208)
	... 31 more
</pre></div></td>
<td>5001</td>
<td>testngbasicprograms.ZkClassName@702b8b12</td></tr>
<tr>
<td title='test.ng.TestingDemo.afterClass()'><b>afterClass</b><br>Test class: test.ng.TestingDemo</td>
<td><div><pre>java.lang.NullPointerException: Cannot invoke &quot;org.openqa.selenium.WebDriver.quit()&quot; because &quot;this.driver&quot; is null
	at test.ng.TestingDemo.afterClass(TestingDemo.java:93)
	at java.base/java.util.ArrayList.forEach(ArrayList.java:1511)
... Removed 23 stack frames</pre></div><a href='#' onClick='toggleBox("stack-trace662000775", this, "Click to show all stack frames", "Click to hide stack frames")'>Click to show all stack frames</a>
<div class='stack-trace' id='stack-trace662000775'><pre>java.lang.NullPointerException: Cannot invoke &quot;org.openqa.selenium.WebDriver.quit()&quot; because &quot;this.driver&quot; is null
	at test.ng.TestingDemo.afterClass(TestingDemo.java:93)
	at java.base/jdk.internal.reflect.DirectMethodHandleAccessor.invoke(DirectMethodHandleAccessor.java:104)
	at java.base/java.lang.reflect.Method.invoke(Method.java:578)
	at org.testng.internal.invokers.MethodInvocationHelper.invokeMethod(MethodInvocationHelper.java:139)
	at org.testng.internal.invokers.MethodInvocationHelper.invokeMethodConsideringTimeout(MethodInvocationHelper.java:69)
	at org.testng.internal.invokers.ConfigInvoker.invokeConfigurationMethod(ConfigInvoker.java:361)
	at org.testng.internal.invokers.ConfigInvoker.invokeConfigurations(ConfigInvoker.java:296)
	at org.testng.internal.invokers.TestMethodWorker.invokeAfterClassMethods(TestMethodWorker.java:222)
	at org.testng.internal.invokers.TestMethodWorker.run(TestMethodWorker.java:131)
	at java.base/java.util.ArrayList.forEach(ArrayList.java:1511)
	at org.testng.TestRunner.privateRun(TestRunner.java:806)
	at org.testng.TestRunner.run(TestRunner.java:601)
	at org.testng.SuiteRunner.runTest(SuiteRunner.java:433)
	at org.testng.SuiteRunner.runSequentially(SuiteRunner.java:427)
	at org.testng.SuiteRunner.privateRun(SuiteRunner.java:387)
	at org.testng.SuiteRunner.run(SuiteRunner.java:330)
	at org.testng.SuiteRunnerWorker.runSuite(SuiteRunnerWorker.java:52)
	at org.testng.SuiteRunnerWorker.run(SuiteRunnerWorker.java:95)
	at org.testng.TestNG.runSuitesSequentially(TestNG.java:1256)
	at org.testng.TestNG.runSuitesLocally(TestNG.java:1176)
	at org.testng.TestNG.runSuites(TestNG.java:1099)
	at org.testng.TestNG.run(TestNG.java:1067)
	at org.testng.remote.AbstractRemoteTestNG.run(AbstractRemoteTestNG.java:115)
	at org.testng.remote.RemoteTestNG.initAndRun(RemoteTestNG.java:251)
	at org.testng.remote.RemoteTestNG.main(RemoteTestNG.java:77)
</pre></div></td>
<td>0</td>
<td>test.ng.TestingDemo@1613674b</td></tr>
<tr>
<td title='testngbasicprograms.ZkDemoPractice.beforeMethod()'><b>beforeMethod</b><br>Test class: testngbasicprograms.ZkDemoPractice<br/>
<a href="#Output-541769471" onClick='toggleBox("Output-541769471", this, "Show output", "Hide output");'>Show output</a>

<a href="#Output-541769471" onClick="toggleAllBoxes();">Show all outputs</a>
<div class='log' id="Output-541769471">
Launching Url Using get()<br/>
</div>
</td>
<td><div><pre>java.lang.UnsupportedOperationException: To submit an element, it must be nested inside a form element
	at org.openqa.selenium.remote.RemoteWebElement.submit(RemoteWebElement.java:87)
	at testngbasicprograms.ZkDemoPractice.beforeMethod(ZkDemoPractice.java:62)
	at java.base/java.util.ArrayList.forEach(ArrayList.java:1511)
... Removed 29 stack frames</pre></div><a href='#' onClick='toggleBox("stack-trace541769471", this, "Click to show all stack frames", "Click to hide stack frames")'>Click to show all stack frames</a>
<div class='stack-trace' id='stack-trace541769471'><pre>java.lang.UnsupportedOperationException: To submit an element, it must be nested inside a form element
	at org.openqa.selenium.remote.RemoteWebElement.submit(RemoteWebElement.java:87)
	at testngbasicprograms.ZkDemoPractice.beforeMethod(ZkDemoPractice.java:62)
	at java.base/jdk.internal.reflect.DirectMethodHandleAccessor.invoke(DirectMethodHandleAccessor.java:104)
	at java.base/java.lang.reflect.Method.invoke(Method.java:578)
	at org.testng.internal.invokers.MethodInvocationHelper.invokeMethod(MethodInvocationHelper.java:139)
	at org.testng.internal.invokers.MethodInvocationHelper.invokeMethodConsideringTimeout(MethodInvocationHelper.java:69)
	at org.testng.internal.invokers.ConfigInvoker.invokeConfigurationMethod(ConfigInvoker.java:361)
	at org.testng.internal.invokers.ConfigInvoker.invokeConfigurations(ConfigInvoker.java:296)
	at org.testng.internal.invokers.TestInvoker.runConfigMethods(TestInvoker.java:816)
	at org.testng.internal.invokers.TestInvoker.invokeMethod(TestInvoker.java:590)
	at org.testng.internal.invokers.TestInvoker.invokeTestMethod(TestInvoker.java:221)
	at org.testng.internal.invokers.MethodRunner.runInSequence(MethodRunner.java:50)
	at org.testng.internal.invokers.TestInvoker$MethodInvocationAgent.invoke(TestInvoker.java:962)
	at org.testng.internal.invokers.TestInvoker.invokeTestMethods(TestInvoker.java:194)
	at org.testng.internal.invokers.TestMethodWorker.invokeTestMethods(TestMethodWorker.java:148)
	at org.testng.internal.invokers.TestMethodWorker.run(TestMethodWorker.java:128)
	at java.base/java.util.ArrayList.forEach(ArrayList.java:1511)
	at org.testng.TestRunner.privateRun(TestRunner.java:806)
	at org.testng.TestRunner.run(TestRunner.java:601)
	at org.testng.SuiteRunner.runTest(SuiteRunner.java:433)
	at org.testng.SuiteRunner.runSequentially(SuiteRunner.java:427)
	at org.testng.SuiteRunner.privateRun(SuiteRunner.java:387)
	at org.testng.SuiteRunner.run(SuiteRunner.java:330)
	at org.testng.SuiteRunnerWorker.runSuite(SuiteRunnerWorker.java:52)
	at org.testng.SuiteRunnerWorker.run(SuiteRunnerWorker.java:95)
	at org.testng.TestNG.runSuitesSequentially(TestNG.java:1256)
	at org.testng.TestNG.runSuitesLocally(TestNG.java:1176)
	at org.testng.TestNG.runSuites(TestNG.java:1099)
	at org.testng.TestNG.run(TestNG.java:1067)
	at org.testng.remote.AbstractRemoteTestNG.run(AbstractRemoteTestNG.java:115)
	at org.testng.remote.RemoteTestNG.initAndRun(RemoteTestNG.java:251)
	at org.testng.remote.RemoteTestNG.main(RemoteTestNG.java:77)
</pre></div></td>
<td>5</td>
<td>testngbasicprograms.ZkDemoPractice@27ff5d15</td></tr>
</table><p>
<table width='100%' border='1' class='invocation-skipped'>
<tr><td colspan='4' align='center'><b>SKIPPED CONFIGURATIONS</b></td></tr>
<tr><td><b>Test method</b></td>
<td><b>Attribute(s)</b></td>
<td width="30%"><b>Exception</b></td>
<td width="10%"><b>Time (seconds)</b></td>
<td><b>Instance</b></td>
</tr>
<tr>
<td title='testngbasicprograms.ZkDemoPractice.afterClass()'><b>afterClass</b><br>Test class: testngbasicprograms.ZkDemoPractice</td>
<td></td>
<td>0</td>
<td>testngbasicprograms.ZkDemoPractice@27ff5d15</td></tr>
<tr>
<td title='testngbasicprograms.ZkDemoPractice.afterMethod()'><b>afterMethod</b><br>Test class: testngbasicprograms.ZkDemoPractice</td>
<td></td>
<td>0</td>
<td>testngbasicprograms.ZkDemoPractice@27ff5d15</td></tr>
<tr>
<td title='testngbasicprograms.ZkClassName.afterClass()'><b>afterClass</b><br>Test class: testngbasicprograms.ZkClassName</td>
<td></td>
<td>0</td>
<td>testngbasicprograms.ZkClassName@702b8b12</td></tr>
<tr>
<td title='testngbasicprograms.ZkClassName.afterMethod()'><b>afterMethod</b><br>Test class: testngbasicprograms.ZkClassName</td>
<td></td>
<td>0</td>
<td>testngbasicprograms.ZkClassName@702b8b12</td></tr>
<tr>
<td title='testngbasicprograms.ZkDemoPractice.beforeMethod()'><b>beforeMethod</b><br>Test class: testngbasicprograms.ZkDemoPractice</td>
<td></td>
<td>0</td>
<td>testngbasicprograms.ZkDemoPractice@27ff5d15</td></tr>
<tr>
<td title='testngbasicprograms.ZkDemoPractice.afterMethod()'><b>afterMethod</b><br>Test class: testngbasicprograms.ZkDemoPractice</td>
<td></td>
<td>0</td>
<td>testngbasicprograms.ZkDemoPractice@27ff5d15</td></tr>
</table><p>
<table width='100%' border='1' class='invocation-failed'>
<tr><td colspan='4' align='center'><b>FAILED TESTS</b></td></tr>
<tr><td><b>Test method</b></td>
<td><b>Attribute(s)</b></td>
<td width="30%"><b>Exception</b></td>
<td width="10%"><b>Time (seconds)</b></td>
<td><b>Instance</b></td>
</tr>
<tr>
<td title='test.ng.TestingDemo.searchKeyWord()'><b>searchKeyWord</b><br>Test class: test.ng.TestingDemo</td>
<td><div><pre>org.testng.TestNGException: 
Method public void test.ng.TestingDemo.searchKeyWord(java.lang.String) requires a @DataProvider named : mutipleSetData()
	at java.base/java.util.ArrayList.forEach(ArrayList.java:1511)
... Removed 24 stack frames</pre></div><a href='#' onClick='toggleBox("stack-trace1624510452", this, "Click to show all stack frames", "Click to hide stack frames")'>Click to show all stack frames</a>
<div class='stack-trace' id='stack-trace1624510452'><pre>org.testng.TestNGException: 
Method public void test.ng.TestingDemo.searchKeyWord(java.lang.String) requires a @DataProvider named : mutipleSetData()
	at org.testng.internal.Parameters.findDataProvider(Parameters.java:526)
	at org.testng.internal.Parameters.handleParameters(Parameters.java:763)
	at org.testng.internal.Parameters.handleParameters(Parameters.java:728)
	at org.testng.internal.invokers.ParameterHandler.handleParameters(ParameterHandler.java:72)
	at org.testng.internal.invokers.ParameterHandler.createParameters(ParameterHandler.java:51)
	at org.testng.internal.invokers.TestInvoker$MethodInvocationAgent.invoke(TestInvoker.java:917)
	at org.testng.internal.invokers.TestInvoker.invokeTestMethods(TestInvoker.java:194)
	at org.testng.internal.invokers.TestMethodWorker.invokeTestMethods(TestMethodWorker.java:148)
	at org.testng.internal.invokers.TestMethodWorker.run(TestMethodWorker.java:128)
	at java.base/java.util.ArrayList.forEach(ArrayList.java:1511)
	at org.testng.TestRunner.privateRun(TestRunner.java:806)
	at org.testng.TestRunner.run(TestRunner.java:601)
	at org.testng.SuiteRunner.runTest(SuiteRunner.java:433)
	at org.testng.SuiteRunner.runSequentially(SuiteRunner.java:427)
	at org.testng.SuiteRunner.privateRun(SuiteRunner.java:387)
	at org.testng.SuiteRunner.run(SuiteRunner.java:330)
	at org.testng.SuiteRunnerWorker.runSuite(SuiteRunnerWorker.java:52)
	at org.testng.SuiteRunnerWorker.run(SuiteRunnerWorker.java:95)
	at org.testng.TestNG.runSuitesSequentially(TestNG.java:1256)
	at org.testng.TestNG.runSuitesLocally(TestNG.java:1176)
	at org.testng.TestNG.runSuites(TestNG.java:1099)
	at org.testng.TestNG.run(TestNG.java:1067)
	at org.testng.remote.AbstractRemoteTestNG.run(AbstractRemoteTestNG.java:115)
	at org.testng.remote.RemoteTestNG.initAndRun(RemoteTestNG.java:251)
	at org.testng.remote.RemoteTestNG.main(RemoteTestNG.java:77)
</pre></div></td>
<td>0</td>
<td>test.ng.TestingDemo@1613674b</td></tr>
<tr>
<td title='test.ng.LinkedinTest.inputData()'><b>inputData</b><br>Test class: test.ng.LinkedinTest</td>
<td><div><pre>org.testng.TestNGException: 
Parameter &apos;userName&apos; is required by @Test on method inputData but has not been marked @Optional or defined
in C:\Users\sysadmin\Documents\Eclipseworkspace\src\test\resources\practice.xml
	at java.base/java.util.ArrayList.forEach(ArrayList.java:1511)
... Removed 26 stack frames</pre></div><a href='#' onClick='toggleBox("stack-trace153048669", this, "Click to show all stack frames", "Click to hide stack frames")'>Click to show all stack frames</a>
<div class='stack-trace' id='stack-trace153048669'><pre>org.testng.TestNGException: 
Parameter &apos;userName&apos; is required by @Test on method inputData but has not been marked @Optional or defined
in C:\Users\sysadmin\Documents\Eclipseworkspace\src\test\resources\practice.xml
	at org.testng.internal.Parameters.createParams(Parameters.java:267)
	at org.testng.internal.Parameters.createParametersForMethod(Parameters.java:355)
	at org.testng.internal.Parameters.createParameters(Parameters.java:684)
	at org.testng.internal.Parameters.handleParameters(Parameters.java:888)
	at org.testng.internal.Parameters.handleParameters(Parameters.java:728)
	at org.testng.internal.invokers.ParameterHandler.handleParameters(ParameterHandler.java:72)
	at org.testng.internal.invokers.ParameterHandler.createParameters(ParameterHandler.java:51)
	at org.testng.internal.invokers.TestInvoker$MethodInvocationAgent.invoke(TestInvoker.java:917)
	at org.testng.internal.invokers.TestInvoker.invokeTestMethods(TestInvoker.java:194)
	at org.testng.internal.invokers.TestMethodWorker.invokeTestMethods(TestMethodWorker.java:148)
	at org.testng.internal.invokers.TestMethodWorker.run(TestMethodWorker.java:128)
	at java.base/java.util.ArrayList.forEach(ArrayList.java:1511)
	at org.testng.TestRunner.privateRun(TestRunner.java:806)
	at org.testng.TestRunner.run(TestRunner.java:601)
	at org.testng.SuiteRunner.runTest(SuiteRunner.java:433)
	at org.testng.SuiteRunner.runSequentially(SuiteRunner.java:427)
	at org.testng.SuiteRunner.privateRun(SuiteRunner.java:387)
	at org.testng.SuiteRunner.run(SuiteRunner.java:330)
	at org.testng.SuiteRunnerWorker.runSuite(SuiteRunnerWorker.java:52)
	at org.testng.SuiteRunnerWorker.run(SuiteRunnerWorker.java:95)
	at org.testng.TestNG.runSuitesSequentially(TestNG.java:1256)
	at org.testng.TestNG.runSuitesLocally(TestNG.java:1176)
	at org.testng.TestNG.runSuites(TestNG.java:1099)
	at org.testng.TestNG.run(TestNG.java:1067)
	at org.testng.remote.AbstractRemoteTestNG.run(AbstractRemoteTestNG.java:115)
	at org.testng.remote.RemoteTestNG.initAndRun(RemoteTestNG.java:251)
	at org.testng.remote.RemoteTestNG.main(RemoteTestNG.java:77)
</pre></div></td>
<td>0</td>
<td>test.ng.LinkedinTest@306f16f3</td></tr>
<tr>
<td title='testngbasicprograms.ZkDemo.verfiyingButtons()'><b>verfiyingButtons</b><br>Test class: testngbasicprograms.ZkDemo<br>Test method: Verfiying Buttons<br/>
<a href="#Output-651433745" onClick='toggleBox("Output-651433745", this, "Show output", "Hide output");'>Show output</a>

<a href="#Output-651433745" onClick="toggleAllBoxes();">Show all outputs</a>
<div class='log' id="Output-651433745">
click on ButtonLink<br/>
</div>
</td>
<td><div><pre>java.lang.AssertionError: expected [] but found [ZK Live Demo - Date and Time Picker]
	at testngbasicprograms.ZkDemo.verfiyingButtons(ZkDemo.java:35)
	at java.base/java.util.ArrayList.forEach(ArrayList.java:1511)
... Removed 31 stack frames</pre></div><a href='#' onClick='toggleBox("stack-trace651433745", this, "Click to show all stack frames", "Click to hide stack frames")'>Click to show all stack frames</a>
<div class='stack-trace' id='stack-trace651433745'><pre>java.lang.AssertionError: expected [] but found [ZK Live Demo - Date and Time Picker]
	at org.testng.Assert.fail(Assert.java:110)
	at org.testng.Assert.failNotEquals(Assert.java:1413)
	at org.testng.Assert.assertEqualsImpl(Assert.java:149)
	at org.testng.Assert.assertEquals(Assert.java:131)
	at org.testng.Assert.assertEquals(Assert.java:655)
	at org.testng.Assert.assertEquals(Assert.java:665)
	at testngbasicprograms.ZkDemo.verfiyingButtons(ZkDemo.java:35)
	at java.base/jdk.internal.reflect.DirectMethodHandleAccessor.invoke(DirectMethodHandleAccessor.java:104)
	at java.base/java.lang.reflect.Method.invoke(Method.java:578)
	at org.testng.internal.invokers.MethodInvocationHelper.invokeMethod(MethodInvocationHelper.java:139)
	at org.testng.internal.invokers.TestInvoker.invokeMethod(TestInvoker.java:677)
	at org.testng.internal.invokers.TestInvoker.invokeTestMethod(TestInvoker.java:221)
	at org.testng.internal.invokers.MethodRunner.runInSequence(MethodRunner.java:50)
	at org.testng.internal.invokers.TestInvoker$MethodInvocationAgent.invoke(TestInvoker.java:962)
	at org.testng.internal.invokers.TestInvoker.invokeTestMethods(TestInvoker.java:194)
	at org.testng.internal.invokers.TestMethodWorker.invokeTestMethods(TestMethodWorker.java:148)
	at org.testng.internal.invokers.TestMethodWorker.run(TestMethodWorker.java:128)
	at java.base/java.util.ArrayList.forEach(ArrayList.java:1511)
	at org.testng.TestRunner.privateRun(TestRunner.java:806)
	at org.testng.TestRunner.run(TestRunner.java:601)
	at org.testng.SuiteRunner.runTest(SuiteRunner.java:433)
	at org.testng.SuiteRunner.runSequentially(SuiteRunner.java:427)
	at org.testng.SuiteRunner.privateRun(SuiteRunner.java:387)
	at org.testng.SuiteRunner.run(SuiteRunner.java:330)
	at org.testng.SuiteRunnerWorker.runSuite(SuiteRunnerWorker.java:52)
	at org.testng.SuiteRunnerWorker.run(SuiteRunnerWorker.java:95)
	at org.testng.TestNG.runSuitesSequentially(TestNG.java:1256)
	at org.testng.TestNG.runSuitesLocally(TestNG.java:1176)
	at org.testng.TestNG.runSuites(TestNG.java:1099)
	at org.testng.TestNG.run(TestNG.java:1067)
	at org.testng.remote.AbstractRemoteTestNG.run(AbstractRemoteTestNG.java:115)
	at org.testng.remote.RemoteTestNG.initAndRun(RemoteTestNG.java:251)
	at org.testng.remote.RemoteTestNG.main(RemoteTestNG.java:77)
</pre></div></td>
<td>0</td>
<td>testngbasicprograms.ZkDemo@5ace1ed4</td></tr>
<tr>
<td title='test.ng.LinkedinTest.signOut()'><b>signOut</b><br>Test class: test.ng.LinkedinTest</td>
<td><div><pre>java.lang.Error: Unresolved compilation problems: 
	Thread.sl cannot be resolved to a type
	Syntax error on token &quot;.&quot;, ; expected
	The method until(ExpectedCondition&lt;Boolean&gt;) is undefined for the type LinkedinTest

	at test.ng.LinkedinTest.signOut(LinkedinTest.java:79)
	at java.base/java.util.ArrayList.forEach(ArrayList.java:1511)
... Removed 25 stack frames</pre></div><a href='#' onClick='toggleBox("stack-trace840008200", this, "Click to show all stack frames", "Click to hide stack frames")'>Click to show all stack frames</a>
<div class='stack-trace' id='stack-trace840008200'><pre>java.lang.Error: Unresolved compilation problems: 
	Thread.sl cannot be resolved to a type
	Syntax error on token &quot;.&quot;, ; expected
	The method until(ExpectedCondition&lt;Boolean&gt;) is undefined for the type LinkedinTest

	at test.ng.LinkedinTest.signOut(LinkedinTest.java:79)
	at java.base/jdk.internal.reflect.DirectMethodHandleAccessor.invoke(DirectMethodHandleAccessor.java:104)
	at java.base/java.lang.reflect.Method.invoke(Method.java:578)
	at org.testng.internal.invokers.MethodInvocationHelper.invokeMethod(MethodInvocationHelper.java:139)
	at org.testng.internal.invokers.TestInvoker.invokeMethod(TestInvoker.java:677)
	at org.testng.internal.invokers.TestInvoker.invokeTestMethod(TestInvoker.java:221)
	at org.testng.internal.invokers.MethodRunner.runInSequence(MethodRunner.java:50)
	at org.testng.internal.invokers.TestInvoker$MethodInvocationAgent.invoke(TestInvoker.java:962)
	at org.testng.internal.invokers.TestInvoker.invokeTestMethods(TestInvoker.java:194)
	at org.testng.internal.invokers.TestMethodWorker.invokeTestMethods(TestMethodWorker.java:148)
	at org.testng.internal.invokers.TestMethodWorker.run(TestMethodWorker.java:128)
	at java.base/java.util.ArrayList.forEach(ArrayList.java:1511)
	at org.testng.TestRunner.privateRun(TestRunner.java:806)
	at org.testng.TestRunner.run(TestRunner.java:601)
	at org.testng.SuiteRunner.runTest(SuiteRunner.java:433)
	at org.testng.SuiteRunner.runSequentially(SuiteRunner.java:427)
	at org.testng.SuiteRunner.privateRun(SuiteRunner.java:387)
	at org.testng.SuiteRunner.run(SuiteRunner.java:330)
	at org.testng.SuiteRunnerWorker.runSuite(SuiteRunnerWorker.java:52)
	at org.testng.SuiteRunnerWorker.run(SuiteRunnerWorker.java:95)
	at org.testng.TestNG.runSuitesSequentially(TestNG.java:1256)
	at org.testng.TestNG.runSuitesLocally(TestNG.java:1176)
	at org.testng.TestNG.runSuites(TestNG.java:1099)
	at org.testng.TestNG.run(TestNG.java:1067)
	at org.testng.remote.AbstractRemoteTestNG.run(AbstractRemoteTestNG.java:115)
	at org.testng.remote.RemoteTestNG.initAndRun(RemoteTestNG.java:251)
	at org.testng.remote.RemoteTestNG.main(RemoteTestNG.java:77)
</pre></div></td>
<td>0</td>
<td>test.ng.LinkedinTest@306f16f3</td></tr>
<tr>
<td title='testngbasicprograms.ZkDemo.verfiyingCheckBoxex()'><b>verfiyingCheckBoxex</b><br>Test class: testngbasicprograms.ZkDemo<br>Test method: verfiyingCheckbox<br/>
<a href="#Output-836749045" onClick='toggleBox("Output-836749045", this, "Show output", "Hide output");'>Show output</a>

<a href="#Output-836749045" onClick="toggleAllBoxes();">Show all outputs</a>
<div class='log' id="Output-836749045">
Verfiying the Checkboxex<br/>
</div>
</td>
<td><div><pre>java.lang.AssertionError: expected [] but found [ZK Live Demo - Date and Time Picker]
	at testngbasicprograms.ZkDemo.verfiyingCheckBoxex(ZkDemo.java:50)
	at java.base/java.util.ArrayList.forEach(ArrayList.java:1511)
... Removed 31 stack frames</pre></div><a href='#' onClick='toggleBox("stack-trace836749045", this, "Click to show all stack frames", "Click to hide stack frames")'>Click to show all stack frames</a>
<div class='stack-trace' id='stack-trace836749045'><pre>java.lang.AssertionError: expected [] but found [ZK Live Demo - Date and Time Picker]
	at org.testng.Assert.fail(Assert.java:110)
	at org.testng.Assert.failNotEquals(Assert.java:1413)
	at org.testng.Assert.assertEqualsImpl(Assert.java:149)
	at org.testng.Assert.assertEquals(Assert.java:131)
	at org.testng.Assert.assertEquals(Assert.java:655)
	at org.testng.Assert.assertEquals(Assert.java:665)
	at testngbasicprograms.ZkDemo.verfiyingCheckBoxex(ZkDemo.java:50)
	at java.base/jdk.internal.reflect.DirectMethodHandleAccessor.invoke(DirectMethodHandleAccessor.java:104)
	at java.base/java.lang.reflect.Method.invoke(Method.java:578)
	at org.testng.internal.invokers.MethodInvocationHelper.invokeMethod(MethodInvocationHelper.java:139)
	at org.testng.internal.invokers.TestInvoker.invokeMethod(TestInvoker.java:677)
	at org.testng.internal.invokers.TestInvoker.invokeTestMethod(TestInvoker.java:221)
	at org.testng.internal.invokers.MethodRunner.runInSequence(MethodRunner.java:50)
	at org.testng.internal.invokers.TestInvoker$MethodInvocationAgent.invoke(TestInvoker.java:962)
	at org.testng.internal.invokers.TestInvoker.invokeTestMethods(TestInvoker.java:194)
	at org.testng.internal.invokers.TestMethodWorker.invokeTestMethods(TestMethodWorker.java:148)
	at org.testng.internal.invokers.TestMethodWorker.run(TestMethodWorker.java:128)
	at java.base/java.util.ArrayList.forEach(ArrayList.java:1511)
	at org.testng.TestRunner.privateRun(TestRunner.java:806)
	at org.testng.TestRunner.run(TestRunner.java:601)
	at org.testng.SuiteRunner.runTest(SuiteRunner.java:433)
	at org.testng.SuiteRunner.runSequentially(SuiteRunner.java:427)
	at org.testng.SuiteRunner.privateRun(SuiteRunner.java:387)
	at org.testng.SuiteRunner.run(SuiteRunner.java:330)
	at org.testng.SuiteRunnerWorker.runSuite(SuiteRunnerWorker.java:52)
	at org.testng.SuiteRunnerWorker.run(SuiteRunnerWorker.java:95)
	at org.testng.TestNG.runSuitesSequentially(TestNG.java:1256)
	at org.testng.TestNG.runSuitesLocally(TestNG.java:1176)
	at org.testng.TestNG.runSuites(TestNG.java:1099)
	at org.testng.TestNG.run(TestNG.java:1067)
	at org.testng.remote.AbstractRemoteTestNG.run(AbstractRemoteTestNG.java:115)
	at org.testng.remote.RemoteTestNG.initAndRun(RemoteTestNG.java:251)
	at org.testng.remote.RemoteTestNG.main(RemoteTestNG.java:77)
</pre></div></td>
<td>0</td>
<td>testngbasicprograms.ZkDemo@5ace1ed4</td></tr>
</table><p>
<table width='100%' border='1' class='invocation-passed'>
<tr><td colspan='4' align='center'><b>PASSED TESTS</b></td></tr>
<tr><td><b>Test method</b></td>
<td><b>Attribute(s)</b></td>
<td width="30%"><b>Exception</b></td>
<td width="10%"><b>Time (seconds)</b></td>
<td><b>Instance</b></td>
</tr>
<tr>
<td title='testngbasicprograms.HandlingPopUp.f()'><b>f</b><br>Test class: testngbasicprograms.HandlingPopUp</td>
<td></td>
<td>0</td>
<td>testngbasicprograms.HandlingPopUp@49912c99</td></tr>
<tr>
<td title='testngbasicprograms.TestingProcess.smokeTest1()'><b>smokeTest1</b><br>Test class: testngbasicprograms.TestingProcess<br/>
<a href="#Output-1926004335" onClick='toggleBox("Output-1926004335", this, "Show output", "Hide output");'>Show output</a>

<a href="#Output-1926004335" onClick="toggleAllBoxes();">Show all outputs</a>
<div class='log' id="Output-1926004335">
excuted sucessfully smokeTest1<br/>
</div>
</td>
<td></td>
<td>0</td>
<td>testngbasicprograms.TestingProcess@732c2a62</td></tr>
<tr>
<td title='testngbasicprograms.ZkDemoClass.verfiyingButtons()'><b>verfiyingButtons</b><br>Test class: testngbasicprograms.ZkDemoClass<br/>
<a href="#Output-1875025322" onClick='toggleBox("Output-1875025322", this, "Show output", "Hide output");'>Show output</a>

<a href="#Output-1875025322" onClick="toggleAllBoxes();">Show all outputs</a>
<div class='log' id="Output-1875025322">
Verfiying Buttons<br/>
collection of size Just Label<br/>
collection of size <br/>
collection of size Icon with Label<br/>
collection of size Reversed Order<br/>
collection of size Vertical<br/>
collection of size Reverse<br/>
collection of size Left<br/>
collection of size Right<br/>
collection of size Above<br/>
collection of size Below<br/>
collection of size <br/>
Verfiying buttons close<br/>
</div>
</td>
<td></td>
<td>8</td>
<td>testngbasicprograms.ZkDemoClass@2accdbb5</td></tr>
<tr>
<td title='test.ng.NewTest.f()'><b>f</b><br>Test class: test.ng.NewTest<br>Parameters: 1, a</td>
<td></td>
<td>0</td>
<td>test.ng.NewTest@1a4013</td></tr>
<tr>
<td title='testngbasicprograms.TestingProcess2.smokeTest3()'><b>smokeTest3</b><br>Test class: testngbasicprograms.TestingProcess2<br/>
<a href="#Output-1369885738" onClick='toggleBox("Output-1369885738", this, "Show output", "Hide output");'>Show output</a>

<a href="#Output-1369885738" onClick="toggleAllBoxes();">Show all outputs</a>
<div class='log' id="Output-1369885738">
excuted sucessfully smokeTest3<br/>
</div>
</td>
<td></td>
<td>0</td>
<td>testngbasicprograms.TestingProcess2@b62d79</td></tr>
<tr>
<td title='test.ng.TestingClass.sendKeys()'><b>sendKeys</b><br>Test class: test.ng.TestingClass<br>Parameters: Selenium</td>
<td></td>
<td>0</td>
<td>test.ng.TestingClass@1b6e1eff</td></tr>
<tr>
<td title='test.ng.TestingClass.sendKeys()'><b>sendKeys</b><br>Test class: test.ng.TestingClass<br>Parameters: java Selenium</td>
<td></td>
<td>0</td>
<td>test.ng.TestingClass@1b6e1eff</td></tr>
<tr>
<td title='testngbasicprograms.TestingProcess.regressionTest1()'><b>regressionTest1</b><br>Test class: testngbasicprograms.TestingProcess<br/>
<a href="#Output-1408974251" onClick='toggleBox("Output-1408974251", this, "Show output", "Hide output");'>Show output</a>

<a href="#Output-1408974251" onClick="toggleAllBoxes();">Show all outputs</a>
<div class='log' id="Output-1408974251">
excuted sucessfully regressionTest1<br/>
</div>
</td>
<td></td>
<td>0</td>
<td>testngbasicprograms.TestingProcess@732c2a62</td></tr>
<tr>
<td title='testngbasicprograms.TestingProcess.regressionTest2()'><b>regressionTest2</b><br>Test class: testngbasicprograms.TestingProcess<br/>
<a href="#Output-1000966072" onClick='toggleBox("Output-1000966072", this, "Show output", "Hide output");'>Show output</a>

<a href="#Output-1000966072" onClick="toggleAllBoxes();">Show all outputs</a>
<div class='log' id="Output-1000966072">
excuted sucessfully regressionTest2<br/>
</div>
</td>
<td></td>
<td>0</td>
<td>testngbasicprograms.TestingProcess@732c2a62</td></tr>
<tr>
<td title='testngbasicprograms.ZkDemoClass.verfiyingCheckBoxLink()'><b>verfiyingCheckBoxLink</b><br>Test class: testngbasicprograms.ZkDemoClass<br/>
<a href="#Output-632627844" onClick='toggleBox("Output-632627844", this, "Show output", "Hide output");'>Show output</a>

<a href="#Output-632627844" onClick="toggleAllBoxes();">Show all outputs</a>
<div class='log' id="Output-632627844">
Verfiying CheckBoxes <br/>
Checkboxes Sizes 5<br/>
</div>
</td>
<td></td>
<td>7</td>
<td>testngbasicprograms.ZkDemoClass@2accdbb5</td></tr>
<tr>
<td title='practice.GoogleDemo.searchKeyWord()'><b>searchKeyWord</b><br>Test class: practice.GoogleDemo</td>
<td></td>
<td>7</td>
<td>practice.GoogleDemo@6631f5ca</td></tr>
<tr>
<td title='testngbasicprograms.TestingProcess2.regressionTest2()'><b>regressionTest2</b><br>Test class: testngbasicprograms.TestingProcess2<br/>
<a href="#Output-1512273713" onClick='toggleBox("Output-1512273713", this, "Show output", "Hide output");'>Show output</a>

<a href="#Output-1512273713" onClick="toggleAllBoxes();">Show all outputs</a>
<div class='log' id="Output-1512273713">
excuted sucessfully regressionTest4<br/>
</div>
</td>
<td></td>
<td>0</td>
<td>testngbasicprograms.TestingProcess2@b62d79</td></tr>
<tr>
<td title='test.ng.NewTest.f()'><b>f</b><br>Test class: test.ng.NewTest<br>Parameters: 2, b</td>
<td></td>
<td>0</td>
<td>test.ng.NewTest@1a4013</td></tr>
<tr>
<td title='test.ng.TestingClass.sendKeys()'><b>sendKeys</b><br>Test class: test.ng.TestingClass<br>Parameters: java</td>
<td></td>
<td>0</td>
<td>test.ng.TestingClass@1b6e1eff</td></tr>
<tr>
<td title='testngbasicprograms.TestingProcess2.smokeTest4()'><b>smokeTest4</b><br>Test class: testngbasicprograms.TestingProcess2<br/>
<a href="#Output-1332439166" onClick='toggleBox("Output-1332439166", this, "Show output", "Hide output");'>Show output</a>

<a href="#Output-1332439166" onClick="toggleAllBoxes();">Show all outputs</a>
<div class='log' id="Output-1332439166">
excuted sucessfully smokeTest4<br/>
</div>
</td>
<td></td>
<td>0</td>
<td>testngbasicprograms.TestingProcess2@b62d79</td></tr>
<tr>
<td title='testngbasicprograms.ZkClassName.verfiyLinkCheckBox()'><b>verfiyLinkCheckBox</b><br>Test class: testngbasicprograms.ZkClassName<br/>
<a href="#Output-1387174267" onClick='toggleBox("Output-1387174267", this, "Show output", "Hide output");'>Show output</a>

<a href="#Output-1387174267" onClick="toggleAllBoxes();">Show all outputs</a>
<div class='log' id="Output-1387174267">
Verfiying CheckBoxes<br/>
Collection of EachCheckBox <br/>
Collection of EachCheckBox <br/>
Collection of EachCheckBox <br/>
Collection of EachCheckBox <br/>
Collection of EachCheckBox <br/>
Excuted CheckBox Program<br/>
</div>
</td>
<td></td>
<td>7</td>
<td>testngbasicprograms.ZkClassName@702b8b12</td></tr>
<tr>
<td title='testngbasicprograms.TestingProcess2.regressionTest1()'><b>regressionTest1</b><br>Test class: testngbasicprograms.TestingProcess2<br/>
<a href="#Output-811792884" onClick='toggleBox("Output-811792884", this, "Show output", "Hide output");'>Show output</a>

<a href="#Output-811792884" onClick="toggleAllBoxes();">Show all outputs</a>
<div class='log' id="Output-811792884">
excuted sucessfully regressionTest3<br/>
</div>
</td>
<td></td>
<td>0</td>
<td>testngbasicprograms.TestingProcess2@b62d79</td></tr>
<tr>
<td title='testngbasicprograms.TestingProcess.smokeTest2()'><b>smokeTest2</b><br>Test class: testngbasicprograms.TestingProcess<br/>
<a href="#Output-151593342" onClick='toggleBox("Output-151593342", this, "Show output", "Hide output");'>Show output</a>

<a href="#Output-151593342" onClick="toggleAllBoxes();">Show all outputs</a>
<div class='log' id="Output-151593342">
excuted sucessfully smokeTest2<br/>
</div>
</td>
<td></td>
<td>0</td>
<td>testngbasicprograms.TestingProcess@732c2a62</td></tr>
<tr>
<td title='test.ng.LinkedinTest.doLogin()'><b>doLogin</b><br>Test class: test.ng.LinkedinTest<br/>
<a href="#Output-1092023914" onClick='toggleBox("Output-1092023914", this, "Show output", "Hide output");'>Show output</a>

<a href="#Output-1092023914" onClick="toggleAllBoxes();">Show all outputs</a>
<div class='log' id="Output-1092023914">
Successfully Verified Loginpage Title<br/>
</div>
</td>
<td></td>
<td>2</td>
<td>test.ng.LinkedinTest@306f16f3</td></tr>
<tr>
<td title='testngbasicprograms.ZkDemoRadio.verfyingRadioButtons()'><b>verfyingRadioButtons</b><br>Test class: testngbasicprograms.ZkDemoRadio<br>Test method: VerfyingRadioButton<br/>
<a href="#Output-2048347723" onClick='toggleBox("Output-2048347723", this, "Show output", "Hide output");'>Show output</a>

<a href="#Output-2048347723" onClick="toggleAllBoxes();">Show all outputs</a>
<div class='log' id="Output-2048347723">
VerfyingRadioButton<br/>
collection of esch element <br/>
collection of esch element <br/>
collection of esch element <br/>
collection of esch element <br/>
collection of esch element <br/>
collection of esch element <br/>
collection of esch element <br/>
collection of esch element <br/>
collection of esch element <br/>
collection of esch element <br/>
collection of esch element <br/>
collection of esch element <br/>
collection of esch element <br/>
collection of esch element <br/>
collection of esch element <br/>
</div>
</td>
<td></td>
<td>39</td>
<td>testngbasicprograms.ZkDemoRadio@22e357dc</td></tr>
<tr>
<td title='test.ng.TestingClass.sendKeys()'><b>sendKeys</b><br>Test class: test.ng.TestingClass<br>Parameters: TestNG</td>
<td></td>
<td>0</td>
<td>test.ng.TestingClass@1b6e1eff</td></tr>
</table><p>
<table width='100%' border='1' class='invocation-skipped'>
<tr><td colspan='4' align='center'><b>SKIPPED TESTS</b></td></tr>
<tr><td><b>Test method</b></td>
<td><b>Attribute(s)</b></td>
<td width="30%"><b>Exception</b></td>
<td width="10%"><b>Time (seconds)</b></td>
<td><b>Instance</b></td>
</tr>
<tr>
<td title='testngbasicprograms.ZkDemoPractice.averfyingLinkTexts()'><b>averfyingLinkTexts</b><br>Test class: testngbasicprograms.ZkDemoPractice</td>
<td><div><pre>java.lang.UnsupportedOperationException: To submit an element, it must be nested inside a form element
	at org.openqa.selenium.remote.RemoteWebElement.submit(RemoteWebElement.java:87)
	at testngbasicprograms.ZkDemoPractice.beforeMethod(ZkDemoPractice.java:62)
	at java.base/java.util.ArrayList.forEach(ArrayList.java:1511)
... Removed 29 stack frames</pre></div><a href='#' onClick='toggleBox("stack-trace769342184", this, "Click to show all stack frames", "Click to hide stack frames")'>Click to show all stack frames</a>
<div class='stack-trace' id='stack-trace769342184'><pre>java.lang.UnsupportedOperationException: To submit an element, it must be nested inside a form element
	at org.openqa.selenium.remote.RemoteWebElement.submit(RemoteWebElement.java:87)
	at testngbasicprograms.ZkDemoPractice.beforeMethod(ZkDemoPractice.java:62)
	at java.base/jdk.internal.reflect.DirectMethodHandleAccessor.invoke(DirectMethodHandleAccessor.java:104)
	at java.base/java.lang.reflect.Method.invoke(Method.java:578)
	at org.testng.internal.invokers.MethodInvocationHelper.invokeMethod(MethodInvocationHelper.java:139)
	at org.testng.internal.invokers.MethodInvocationHelper.invokeMethodConsideringTimeout(MethodInvocationHelper.java:69)
	at org.testng.internal.invokers.ConfigInvoker.invokeConfigurationMethod(ConfigInvoker.java:361)
	at org.testng.internal.invokers.ConfigInvoker.invokeConfigurations(ConfigInvoker.java:296)
	at org.testng.internal.invokers.TestInvoker.runConfigMethods(TestInvoker.java:816)
	at org.testng.internal.invokers.TestInvoker.invokeMethod(TestInvoker.java:590)
	at org.testng.internal.invokers.TestInvoker.invokeTestMethod(TestInvoker.java:221)
	at org.testng.internal.invokers.MethodRunner.runInSequence(MethodRunner.java:50)
	at org.testng.internal.invokers.TestInvoker$MethodInvocationAgent.invoke(TestInvoker.java:962)
	at org.testng.internal.invokers.TestInvoker.invokeTestMethods(TestInvoker.java:194)
	at org.testng.internal.invokers.TestMethodWorker.invokeTestMethods(TestMethodWorker.java:148)
	at org.testng.internal.invokers.TestMethodWorker.run(TestMethodWorker.java:128)
	at java.base/java.util.ArrayList.forEach(ArrayList.java:1511)
	at org.testng.TestRunner.privateRun(TestRunner.java:806)
	at org.testng.TestRunner.run(TestRunner.java:601)
	at org.testng.SuiteRunner.runTest(SuiteRunner.java:433)
	at org.testng.SuiteRunner.runSequentially(SuiteRunner.java:427)
	at org.testng.SuiteRunner.privateRun(SuiteRunner.java:387)
	at org.testng.SuiteRunner.run(SuiteRunner.java:330)
	at org.testng.SuiteRunnerWorker.runSuite(SuiteRunnerWorker.java:52)
	at org.testng.SuiteRunnerWorker.run(SuiteRunnerWorker.java:95)
	at org.testng.TestNG.runSuitesSequentially(TestNG.java:1256)
	at org.testng.TestNG.runSuitesLocally(TestNG.java:1176)
	at org.testng.TestNG.runSuites(TestNG.java:1099)
	at org.testng.TestNG.run(TestNG.java:1067)
	at org.testng.remote.AbstractRemoteTestNG.run(AbstractRemoteTestNG.java:115)
	at org.testng.remote.RemoteTestNG.initAndRun(RemoteTestNG.java:251)
	at org.testng.remote.RemoteTestNG.main(RemoteTestNG.java:77)
</pre></div></td>
<td>0</td>
<td>testngbasicprograms.ZkDemoPractice@27ff5d15</td></tr>
<tr>
<td title='testngbasicprograms.ZkDemoPractice.verfiyingButtons()'><b>verfiyingButtons</b><br>Test class: testngbasicprograms.ZkDemoPractice<br>Test method: Verfying Buttons</td>
<td><div><pre>java.lang.UnsupportedOperationException: To submit an element, it must be nested inside a form element
	at org.openqa.selenium.remote.RemoteWebElement.submit(RemoteWebElement.java:87)
	at testngbasicprograms.ZkDemoPractice.beforeMethod(ZkDemoPractice.java:62)
	at java.base/java.util.ArrayList.forEach(ArrayList.java:1511)
... Removed 29 stack frames</pre></div><a href='#' onClick='toggleBox("stack-trace131532344", this, "Click to show all stack frames", "Click to hide stack frames")'>Click to show all stack frames</a>
<div class='stack-trace' id='stack-trace131532344'><pre>java.lang.UnsupportedOperationException: To submit an element, it must be nested inside a form element
	at org.openqa.selenium.remote.RemoteWebElement.submit(RemoteWebElement.java:87)
	at testngbasicprograms.ZkDemoPractice.beforeMethod(ZkDemoPractice.java:62)
	at java.base/jdk.internal.reflect.DirectMethodHandleAccessor.invoke(DirectMethodHandleAccessor.java:104)
	at java.base/java.lang.reflect.Method.invoke(Method.java:578)
	at org.testng.internal.invokers.MethodInvocationHelper.invokeMethod(MethodInvocationHelper.java:139)
	at org.testng.internal.invokers.MethodInvocationHelper.invokeMethodConsideringTimeout(MethodInvocationHelper.java:69)
	at org.testng.internal.invokers.ConfigInvoker.invokeConfigurationMethod(ConfigInvoker.java:361)
	at org.testng.internal.invokers.ConfigInvoker.invokeConfigurations(ConfigInvoker.java:296)
	at org.testng.internal.invokers.TestInvoker.runConfigMethods(TestInvoker.java:816)
	at org.testng.internal.invokers.TestInvoker.invokeMethod(TestInvoker.java:590)
	at org.testng.internal.invokers.TestInvoker.invokeTestMethod(TestInvoker.java:221)
	at org.testng.internal.invokers.MethodRunner.runInSequence(MethodRunner.java:50)
	at org.testng.internal.invokers.TestInvoker$MethodInvocationAgent.invoke(TestInvoker.java:962)
	at org.testng.internal.invokers.TestInvoker.invokeTestMethods(TestInvoker.java:194)
	at org.testng.internal.invokers.TestMethodWorker.invokeTestMethods(TestMethodWorker.java:148)
	at org.testng.internal.invokers.TestMethodWorker.run(TestMethodWorker.java:128)
	at java.base/java.util.ArrayList.forEach(ArrayList.java:1511)
	at org.testng.TestRunner.privateRun(TestRunner.java:806)
	at org.testng.TestRunner.run(TestRunner.java:601)
	at org.testng.SuiteRunner.runTest(SuiteRunner.java:433)
	at org.testng.SuiteRunner.runSequentially(SuiteRunner.java:427)
	at org.testng.SuiteRunner.privateRun(SuiteRunner.java:387)
	at org.testng.SuiteRunner.run(SuiteRunner.java:330)
	at org.testng.SuiteRunnerWorker.runSuite(SuiteRunnerWorker.java:52)
	at org.testng.SuiteRunnerWorker.run(SuiteRunnerWorker.java:95)
	at org.testng.TestNG.runSuitesSequentially(TestNG.java:1256)
	at org.testng.TestNG.runSuitesLocally(TestNG.java:1176)
	at org.testng.TestNG.runSuites(TestNG.java:1099)
	at org.testng.TestNG.run(TestNG.java:1067)
	at org.testng.remote.AbstractRemoteTestNG.run(AbstractRemoteTestNG.java:115)
	at org.testng.remote.RemoteTestNG.initAndRun(RemoteTestNG.java:251)
	at org.testng.remote.RemoteTestNG.main(RemoteTestNG.java:77)
</pre></div></td>
<td>0</td>
<td>testngbasicprograms.ZkDemoPractice@27ff5d15</td></tr>
<tr>
<td title='testngbasicprograms.ZkClassName.verfiyingButtons()'><b>verfiyingButtons</b><br>Test class: testngbasicprograms.ZkClassName</td>
<td><div><pre>org.openqa.selenium.TimeoutException: Expected condition failed: waiting for title to contain &quot;ZK Live Demo - Input&quot;. Current title: &quot;&quot; (tried for 5000 second(s) with 500 milliseconds interval)
	at org.openqa.selenium.support.ui.WebDriverWait.timeoutException(WebDriverWait.java:87)
	at org.openqa.selenium.support.ui.FluentWait.until(FluentWait.java:231)
	at testngbasicprograms.ZkClassName.launchingUrl(ZkClassName.java:63)
	at java.base/java.util.ArrayList.forEach(ArrayList.java:1511)
Caused by: org.openqa.selenium.NoSuchWindowException: no such window: target window already closed
from unknown error: web view not found
  (Session info: chrome=108.0.5359.125)
Build info: version: &apos;4.6.0&apos;, revision: &apos;79f1c02ae20&apos;
System info: os.name: &apos;Windows 10&apos;, os.arch: &apos;amd64&apos;, os.version: &apos;10.0&apos;, java.version: &apos;19.0.1&apos;
Driver info: org.openqa.selenium.chrome.ChromeDriver
Command: [a397456d3d0fac651d1bf1db1ed2ed98, getTitle {}]
Capabilities {acceptInsecureCerts: false, browserName: chrome, browserVersion: 108.0.5359.125, chrome: {chromedriverVersion: 108.0.5359.71 (1e0e3868ee06..., userDataDir: C:\Users\sysadmin\AppData\L...}, goog:chromeOptions: {debuggerAddress: localhost:60326}, networkConnectionEnabled: false, pageLoadStrategy: normal, platformName: WINDOWS, proxy: Proxy(), se:cdp: ws://localhost:60326/devtoo..., se:cdpVersion: 108.0.5359.125, setWindowRect: true, strictFileInteractability: false, timeouts: {implicit: 0, pageLoad: 300000, script: 30000}, unhandledPromptBehavior: dismiss and notify, webauthn:extension:credBlob: true, webauthn:extension:largeBlob: true, webauthn:virtualAuthenticators: true}
Session ID: a397456d3d0fac651d1bf1db1ed2ed98
	at org.openqa.selenium.remote.codec.w3c.W3CHttpResponseCodec.createException(W3CHttpResponseCodec.java:200)
	at org.openqa.selenium.remote.codec.w3c.W3CHttpResponseCodec.decode(W3CHttpResponseCodec.java:133)
	at org.openqa.selenium.remote.codec.w3c.W3CHttpResponseCodec.decode(W3CHttpResponseCodec.java:53)
	at org.openqa.selenium.remote.HttpCommandExecutor.execute(HttpCommandExecutor.java:184)
	at org.openqa.selenium.remote.service.DriverCommandExecutor.invokeExecute(DriverCommandExecutor.java:167)
	at org.openqa.selenium.remote.service.DriverCommandExecutor.execute(DriverCommandExecutor.java:142)
	at org.openqa.selenium.remote.RemoteWebDriver.execute(RemoteWebDriver.java:541)
	at org.openqa.selenium.remote.RemoteWebDriver.execute(RemoteWebDriver.java:596)
	at org.openqa.selenium.remote.RemoteWebDriver.execute(RemoteWebDriver.java:600)
	at org.openqa.selenium.remote.RemoteWebDriver.getTitle(RemoteWebDriver.java:315)
	at org.openqa.selenium.support.ui.ExpectedConditions$2.apply(ExpectedConditions.java:81)
	at org.openqa.selenium.support.ui.ExpectedConditions$2.apply(ExpectedConditions.java:76)
	at org.openqa.selenium.support.ui.FluentWait.until(FluentWait.java:208)
	... 31 more
... Removed 32 stack frames</pre></div><a href='#' onClick='toggleBox("stack-trace416864887", this, "Click to show all stack frames", "Click to hide stack frames")'>Click to show all stack frames</a>
<div class='stack-trace' id='stack-trace416864887'><pre>org.openqa.selenium.TimeoutException: Expected condition failed: waiting for title to contain &quot;ZK Live Demo - Input&quot;. Current title: &quot;&quot; (tried for 5000 second(s) with 500 milliseconds interval)
	at org.openqa.selenium.support.ui.WebDriverWait.timeoutException(WebDriverWait.java:87)
	at org.openqa.selenium.support.ui.FluentWait.until(FluentWait.java:231)
	at testngbasicprograms.ZkClassName.launchingUrl(ZkClassName.java:63)
	at java.base/jdk.internal.reflect.DirectMethodHandleAccessor.invoke(DirectMethodHandleAccessor.java:104)
	at java.base/java.lang.reflect.Method.invoke(Method.java:578)
	at org.testng.internal.invokers.MethodInvocationHelper.invokeMethod(MethodInvocationHelper.java:139)
	at org.testng.internal.invokers.MethodInvocationHelper.invokeMethodConsideringTimeout(MethodInvocationHelper.java:69)
	at org.testng.internal.invokers.ConfigInvoker.invokeConfigurationMethod(ConfigInvoker.java:361)
	at org.testng.internal.invokers.ConfigInvoker.invokeConfigurations(ConfigInvoker.java:296)
	at org.testng.internal.invokers.TestInvoker.runConfigMethods(TestInvoker.java:816)
	at org.testng.internal.invokers.TestInvoker.invokeMethod(TestInvoker.java:590)
	at org.testng.internal.invokers.TestInvoker.invokeTestMethod(TestInvoker.java:221)
	at org.testng.internal.invokers.MethodRunner.runInSequence(MethodRunner.java:50)
	at org.testng.internal.invokers.TestInvoker$MethodInvocationAgent.invoke(TestInvoker.java:962)
	at org.testng.internal.invokers.TestInvoker.invokeTestMethods(TestInvoker.java:194)
	at org.testng.internal.invokers.TestMethodWorker.invokeTestMethods(TestMethodWorker.java:148)
	at org.testng.internal.invokers.TestMethodWorker.run(TestMethodWorker.java:128)
	at java.base/java.util.ArrayList.forEach(ArrayList.java:1511)
	at org.testng.TestRunner.privateRun(TestRunner.java:806)
	at org.testng.TestRunner.run(TestRunner.java:601)
	at org.testng.SuiteRunner.runTest(SuiteRunner.java:433)
	at org.testng.SuiteRunner.runSequentially(SuiteRunner.java:427)
	at org.testng.SuiteRunner.privateRun(SuiteRunner.java:387)
	at org.testng.SuiteRunner.run(SuiteRunner.java:330)
	at org.testng.SuiteRunnerWorker.runSuite(SuiteRunnerWorker.java:52)
	at org.testng.SuiteRunnerWorker.run(SuiteRunnerWorker.java:95)
	at org.testng.TestNG.runSuitesSequentially(TestNG.java:1256)
	at org.testng.TestNG.runSuitesLocally(TestNG.java:1176)
	at org.testng.TestNG.runSuites(TestNG.java:1099)
	at org.testng.TestNG.run(TestNG.java:1067)
	at org.testng.remote.AbstractRemoteTestNG.run(AbstractRemoteTestNG.java:115)
	at org.testng.remote.RemoteTestNG.initAndRun(RemoteTestNG.java:251)
	at org.testng.remote.RemoteTestNG.main(RemoteTestNG.java:77)
Caused by: org.openqa.selenium.NoSuchWindowException: no such window: target window already closed
from unknown error: web view not found
  (Session info: chrome=108.0.5359.125)
Build info: version: &apos;4.6.0&apos;, revision: &apos;79f1c02ae20&apos;
System info: os.name: &apos;Windows 10&apos;, os.arch: &apos;amd64&apos;, os.version: &apos;10.0&apos;, java.version: &apos;19.0.1&apos;
Driver info: org.openqa.selenium.chrome.ChromeDriver
Command: [a397456d3d0fac651d1bf1db1ed2ed98, getTitle {}]
Capabilities {acceptInsecureCerts: false, browserName: chrome, browserVersion: 108.0.5359.125, chrome: {chromedriverVersion: 108.0.5359.71 (1e0e3868ee06..., userDataDir: C:\Users\sysadmin\AppData\L...}, goog:chromeOptions: {debuggerAddress: localhost:60326}, networkConnectionEnabled: false, pageLoadStrategy: normal, platformName: WINDOWS, proxy: Proxy(), se:cdp: ws://localhost:60326/devtoo..., se:cdpVersion: 108.0.5359.125, setWindowRect: true, strictFileInteractability: false, timeouts: {implicit: 0, pageLoad: 300000, script: 30000}, unhandledPromptBehavior: dismiss and notify, webauthn:extension:credBlob: true, webauthn:extension:largeBlob: true, webauthn:virtualAuthenticators: true}
Session ID: a397456d3d0fac651d1bf1db1ed2ed98
	at java.base/jdk.internal.reflect.DirectConstructorHandleAccessor.newInstance(DirectConstructorHandleAccessor.java:67)
	at java.base/java.lang.reflect.Constructor.newInstanceWithCaller(Constructor.java:500)
	at java.base/java.lang.reflect.Constructor.newInstance(Constructor.java:484)
	at org.openqa.selenium.remote.codec.w3c.W3CHttpResponseCodec.createException(W3CHttpResponseCodec.java:200)
	at org.openqa.selenium.remote.codec.w3c.W3CHttpResponseCodec.decode(W3CHttpResponseCodec.java:133)
	at org.openqa.selenium.remote.codec.w3c.W3CHttpResponseCodec.decode(W3CHttpResponseCodec.java:53)
	at org.openqa.selenium.remote.HttpCommandExecutor.execute(HttpCommandExecutor.java:184)
	at org.openqa.selenium.remote.service.DriverCommandExecutor.invokeExecute(DriverCommandExecutor.java:167)
	at org.openqa.selenium.remote.service.DriverCommandExecutor.execute(DriverCommandExecutor.java:142)
	at org.openqa.selenium.remote.RemoteWebDriver.execute(RemoteWebDriver.java:541)
	at org.openqa.selenium.remote.RemoteWebDriver.execute(RemoteWebDriver.java:596)
	at org.openqa.selenium.remote.RemoteWebDriver.execute(RemoteWebDriver.java:600)
	at org.openqa.selenium.remote.RemoteWebDriver.getTitle(RemoteWebDriver.java:315)
	at org.openqa.selenium.support.ui.ExpectedConditions$2.apply(ExpectedConditions.java:81)
	at org.openqa.selenium.support.ui.ExpectedConditions$2.apply(ExpectedConditions.java:76)
	at org.openqa.selenium.support.ui.FluentWait.until(FluentWait.java:208)
	... 31 more
</pre></div></td>
<td>0</td>
<td>testngbasicprograms.ZkClassName@702b8b12</td></tr>
</table><p>
</body>
</html>